This is pdfTeX, Version 3.14159265-2.6-1.40.17 (TeX Live 2016) (preloaded format=pdflatex 2017.5.26)  16 JAN 2018 19:14
entering extended mode
 restricted \write18 enabled.
 file:line:error style messages enabled.
 %&-line parsing enabled.
**template_tesis.tex
(./template_tesis.tex
LaTeX2e <2017/01/01> patch level 3
Babel <3.9r> and hyphenation patterns for 83 language(s) loaded.

! LaTeX Error: File `Classes/PhDThesisPSnPDF.cls' not found.

Type X to quit or <RETURN> to proceed,
or enter new name. (Default extension: cls)

Enter file name: 
./template_tesis.tex:5: Emergency stop.
<read *> 
         
l.5 ^^M
       
End of file on the terminal!

 
Here is how much of TeX's memory you used:
 11 strings out of 493013
 276 string characters out of 6133343
 53646 words of memory out of 5000000
 3652 multiletter control sequences out of 15000+600000
 3640 words of font info for 14 fonts, out of 8000000 for 9000
 1141 hyphenation exceptions out of 8191
 10i,0n,7p,101b,8s stack positions out of 5000i,500n,10000p,200000b,80000s
./template_tesis.tex:5:  ==> Fatal error occurred, no output PDF file produced!

